Compilación iniciada a las 24/11/2014 21:39:31.
     1>Proyecto "E:\Steam Juegos\Proyectos\Sudoku\Sudoku\Sudoku.vcxproj" en el nodo 2 (Build destinos).
     1>ClCompile:
         E:\Steam Juegos\Visual Studio 2012\VC\bin\CL.exe /c /I"E:\Steam Juegos\Proyectos\Allegro\include" /ZI /nologo /W3 /WX- /Od /Oy- /D _MBCS /Gm /EHsc /RTC1 /MDd /GS /fp:precise /Zc:wchar_t /Zc:forScope /Fo"Debug\\" /Fd"Debug\vc110.pdb" /Gd /TP /analyze- /errorReport:prompt src\entorno.cpp
         entorno.cpp
     1>e:\steam juegos\proyectos\allegro\include\allegro\gfx.h(288): warning C4200: se ha utilizado una extensión no estándar : matriz de tamaño cero en struct/union
                 No se puede generar el constructor de copias o el operador de asignación de copias cuando el tipo definido por el usuario contiene una matriz de tamaño cero
     1>e:\steam juegos\proyectos\allegro\include\allegro\rle.h(34): warning C4200: se ha utilizado una extensión no estándar : matriz de tamaño cero en struct/union
                 No se puede generar el constructor de copias o el operador de asignación de copias cuando el tipo definido por el usuario contiene una matriz de tamaño cero
     1>e:\steam juegos\proyectos\allegro\include\allegro\font.h(31): warning C4200: se ha utilizado una extensión no estándar : matriz de tamaño cero en struct/union
                 No se puede generar el constructor de copias o el operador de asignación de copias cuando el tipo definido por el usuario contiene una matriz de tamaño cero
     1>e:\steam juegos\proyectos\allegro\include\allegro\fix.h(45): warning C4244: 'return' : conversión de 'double' a 'float'; posible pérdida de datos
     1>e:\steam juegos\proyectos\sudoku\sudoku\src\entorno.cpp(371): error C2664: 'textout_ex' : no se puede convertir el parámetro 3 de 'const char *' a 'char *'
                 Se pierden calificadores en la conversión
     1>e:\steam juegos\proyectos\sudoku\sudoku\src\entorno.cpp(385): error C2664: 'textout_ex' : no se puede convertir el parámetro 3 de 'const char *' a 'char *'
                 Se pierden calificadores en la conversión
     1>e:\steam juegos\proyectos\sudoku\sudoku\src\entorno.cpp(424): error C2664: 'textout_ex' : no se puede convertir el parámetro 3 de 'const char *' a 'char *'
                 Se pierden calificadores en la conversión
     1>e:\steam juegos\proyectos\sudoku\sudoku\src\entorno.cpp(434): error C2664: 'textout_ex' : no se puede convertir el parámetro 3 de 'const char *' a 'char *'
                 Se pierden calificadores en la conversión
     1>e:\steam juegos\proyectos\sudoku\sudoku\src\entorno.cpp(456): error C3861: 'usleep': no se encontró el identificador
     1>e:\steam juegos\proyectos\sudoku\sudoku\src\entorno.cpp(461): error C2664: 'textout_ex' : no se puede convertir el parámetro 3 de 'const char *' a 'char *'
                 Se pierden calificadores en la conversión
     1>e:\steam juegos\proyectos\sudoku\sudoku\src\entorno.cpp(528): error C3861: 'usleep': no se encontró el identificador
     1>Compilación del proyecto terminada "E:\Steam Juegos\Proyectos\Sudoku\Sudoku\Sudoku.vcxproj" (Build destinos) -- ERROR.

ERROR al compilar.

Tiempo transcurrido 00:00:00.45
